<?xml version="1.0" encoding="UTF-8"?>
<testng-results ignored="0" total="1" passed="1" failed="0" skipped="0">
  <reporter-output>
  </reporter-output>
  <suite started-at="2024-07-02T21:25:14 EDT" name="Default suite" finished-at="2024-07-02T21:25:17 EDT" duration-ms="2592">
    <groups>
    </groups>
    <test started-at="2024-07-02T21:25:14 EDT" name="Default test" finished-at="2024-07-02T21:25:17 EDT" duration-ms="2592">
      <class name="com.ebrahim.hossain.NoAlertPresentExceptionExample">
        <test-method is-config="true" signature="startChromeBrowser()[pri:0, instance:com.ebrahim.hossain.NoAlertPresentExceptionExample@4c60d6e9]" started-at="2024-07-02T21:25:12 EDT" name="startChromeBrowser" finished-at="2024-07-02T21:25:14 EDT" duration-ms="2226" status="PASS">
          <reporter-output>
          </reporter-output>
        </test-method> <!-- startChromeBrowser -->
        <test-method is-config="true" signature="openUrl()[pri:0, instance:com.ebrahim.hossain.NoAlertPresentExceptionExample@4c60d6e9]" started-at="2024-07-02T21:25:14 EDT" name="openUrl" finished-at="2024-07-02T21:25:17 EDT" duration-ms="2406" status="PASS">
          <reporter-output>
          </reporter-output>
        </test-method> <!-- openUrl -->
        <test-method signature="testNoAlertPresentException()[pri:0, instance:com.ebrahim.hossain.NoAlertPresentExceptionExample@4c60d6e9]" started-at="2024-07-02T21:25:17 EDT" name="testNoAlertPresentException" finished-at="2024-07-02T21:25:17 EDT" duration-ms="16" status="PASS">
          <reporter-output>
          </reporter-output>
        </test-method> <!-- testNoAlertPresentException -->
        <test-method is-config="true" signature="tearDown()[pri:0, instance:com.ebrahim.hossain.NoAlertPresentExceptionExample@4c60d6e9]" started-at="2024-07-02T21:25:17 EDT" name="tearDown" finished-at="2024-07-02T21:25:17 EDT" duration-ms="135" status="PASS">
          <reporter-output>
          </reporter-output>
        </test-method> <!-- tearDown -->
      </class> <!-- com.ebrahim.hossain.NoAlertPresentExceptionExample -->
    </test> <!-- Default test -->
  </suite> <!-- Default suite -->
</testng-results>
