<?xml version="1.0" encoding="UTF-8"?>
<testng-results ignored="0" total="1" passed="1" failed="0" skipped="0">
  <reporter-output>
  </reporter-output>
  <suite started-at="2024-07-02T10:13:29 EDT" name="Default suite" finished-at="2024-07-02T10:14:32 EDT" duration-ms="63148">
    <groups>
    </groups>
    <test started-at="2024-07-02T10:13:29 EDT" name="Default test" finished-at="2024-07-02T10:14:32 EDT" duration-ms="63148">
      <class name="com.ebrahim.hossain.TimeoutExceptionExample">
        <test-method is-config="true" signature="startChromeBrowser()[pri:0, instance:com.ebrahim.hossain.TimeoutExceptionExample@79e4c792]" started-at="2024-07-02T10:13:25 EDT" name="startChromeBrowser" finished-at="2024-07-02T10:13:29 EDT" duration-ms="3569" status="PASS">
          <reporter-output>
          </reporter-output>
        </test-method> <!-- startChromeBrowser -->
        <test-method is-config="true" signature="openUrl()[pri:0, instance:com.ebrahim.hossain.TimeoutExceptionExample@79e4c792]" started-at="2024-07-02T10:13:29 EDT" name="openUrl" finished-at="2024-07-02T10:13:31 EDT" duration-ms="2365" status="PASS">
          <reporter-output>
          </reporter-output>
        </test-method> <!-- openUrl -->
        <test-method signature="testTimeoutException()[pri:0, instance:com.ebrahim.hossain.TimeoutExceptionExample@79e4c792]" started-at="2024-07-02T10:13:31 EDT" name="testTimeoutException" finished-at="2024-07-02T10:14:32 EDT" duration-ms="60330" status="PASS">
          <reporter-output>
          </reporter-output>
        </test-method> <!-- testTimeoutException -->
        <test-method is-config="true" signature="tearDown()[pri:0, instance:com.ebrahim.hossain.TimeoutExceptionExample@79e4c792]" started-at="2024-07-02T10:14:32 EDT" name="tearDown" finished-at="2024-07-02T10:14:32 EDT" duration-ms="398" status="PASS">
          <reporter-output>
          </reporter-output>
        </test-method> <!-- tearDown -->
      </class> <!-- com.ebrahim.hossain.TimeoutExceptionExample -->
    </test> <!-- Default test -->
  </suite> <!-- Default suite -->
</testng-results>
